<?xml version="1.0" encoding="UTF-8"?>
<!-- Generated by org.testng.reporters.JUnitReportReporter -->
<testsuite hostname="LAPTOP-M8J8VQVT" failures="0" tests="1" name="TestSuite.UsedCarsTest" time="24.405" errors="0" timestamp="2021-10-01T19:01:52 IST" skipped="0">
  <testcase classname="TestSuite.UsedCarsTest" name="testingCars" time="24.405"/>
  <system-out/>
</testsuite> <!-- TestSuite.UsedCarsTest -->
