<?xml version="1.0" encoding="UTF-8"?>
<!-- Generated by org.testng.reporters.JUnitReportReporter -->
<testsuite hostname="LAPTOP-M8J8VQVT" failures="0" tests="1" name="TestSuite.BikesTest" time="65.958" errors="0" timestamp="2021-10-02T16:47:26 IST" skipped="0">
  <testcase classname="TestSuite.BikesTest" name="testing" time="65.958"/>
  <system-out/>
</testsuite> <!-- TestSuite.BikesTest -->
