<?xml version="1.0" encoding="UTF-8"?>
<!-- Generated by org.testng.reporters.JUnitReportReporter -->
<testsuite hostname="LAPTOP-M8J8VQVT" failures="0" tests="1" name="TestSuite.BikesTest" time="13.582" errors="0" timestamp="2021-10-01T19:01:52 IST" skipped="0">
  <testcase classname="TestSuite.BikesTest" name="testing" time="13.582"/>
  <system-out/>
</testsuite> <!-- TestSuite.BikesTest -->
