<?xml version="1.0" encoding="UTF-8"?>
<!-- Generated by org.testng.reporters.JUnitReportReporter -->
<testsuite hostname="LAPTOP-M8J8VQVT" failures="0" tests="6" name="TestSuite.TestFinal" time="263.185" errors="0" timestamp="2021-10-02T18:31:49 IST" skipped="0">
  <testcase classname="TestSuite.TestFinal" name="basic" time="2.623"/>
  <system-out/>
  <testcase classname="TestSuite.TestFinal" name="testing" time="176.933"/>
  <system-out/>
  <testcase classname="TestSuite.TestFinal" name="testing1" time="18.781"/>
  <system-out/>
  <testcase classname="TestSuite.TestFinal" name="testingCars" time="35.184"/>
  <system-out/>
  <testcase classname="TestSuite.TestFinal" name="testingLogin" time="26.855"/>
  <system-out/>
  <testcase classname="TestSuite.TestFinal" name="lastStep" time="2.809"/>
  <system-out/>
</testsuite> <!-- TestSuite.TestFinal -->
