<?xml version="1.0" encoding="UTF-8"?>
<!-- Generated by org.testng.reporters.JUnitReportReporter -->
<testsuite hostname="LAPTOP-M8J8VQVT" failures="0" tests="1" name="TestSuite.LoginTest" time="15.446" errors="0" timestamp="2021-10-01T19:01:52 IST" skipped="0">
  <testcase classname="TestSuite.LoginTest" name="testingLogin" time="15.446"/>
  <system-out/>
</testsuite> <!-- TestSuite.LoginTest -->
